<?xml version="1.0" encoding="UTF-8"?>
<testng-results skipped="0" failed="0" ignored="0" total="4" passed="4">
  <reporter-output>
  </reporter-output>
  <suite name="Suite" duration-ms="42" started-at="2020-03-31T21:00:43Z" finished-at="2020-03-31T21:00:43Z">
    <groups>
    </groups>
    <test name="Test" duration-ms="42" started-at="2020-03-31T21:00:43Z" finished-at="2020-03-31T21:00:43Z">
      <class name="qaclickacademy.RESTAPITest">
        <test-method status="PASS" signature="deleteTwitter()[pri:0, instance:qaclickacademy.RESTAPITest@28c4711c]" name="deleteTwitter" duration-ms="1" started-at="2020-03-31T16:00:43Z" finished-at="2020-03-31T16:00:43Z">
          <reporter-output>
          </reporter-output>
        </test-method> <!-- deleteTwitter -->
        <test-method status="PASS" signature="postJira()[pri:0, instance:qaclickacademy.RESTAPITest@28c4711c]" name="postJira" duration-ms="0" started-at="2020-03-31T16:00:43Z" finished-at="2020-03-31T16:00:43Z">
          <reporter-output>
          </reporter-output>
        </test-method> <!-- postJira -->
      </class> <!-- qaclickacademy.RESTAPITest -->
      <class name="qaclickacademy.SeleniumTest">
        <test-method status="PASS" signature="browserAutomation()[pri:0, instance:qaclickacademy.SeleniumTest@49070868]" name="browserAutomation" duration-ms="12" started-at="2020-03-31T16:00:43Z" finished-at="2020-03-31T16:00:43Z">
          <reporter-output>
          </reporter-output>
        </test-method> <!-- browserAutomation -->
        <test-method status="PASS" signature="elementsUI()[pri:0, instance:qaclickacademy.SeleniumTest@49070868]" name="elementsUI" duration-ms="0" started-at="2020-03-31T16:00:43Z" finished-at="2020-03-31T16:00:43Z">
          <reporter-output>
          </reporter-output>
        </test-method> <!-- elementsUI -->
      </class> <!-- qaclickacademy.SeleniumTest -->
    </test> <!-- Test -->
  </suite> <!-- Suite -->
</testng-results>
