<?xml version="1.0" encoding="UTF-8"?>
<testng-results ignored="0" total="4" passed="4" failed="0" skipped="0">
  <reporter-output>
  </reporter-output>
  <suite started-at="2020-04-08T20:21:16 CDT" name="Suite" finished-at="2020-04-08T20:21:16 CDT" duration-ms="54">
    <groups>
    </groups>
    <test started-at="2020-04-08T20:21:16 CDT" name="Test" finished-at="2020-04-08T20:21:16 CDT" duration-ms="54">
      <class name="qaclickacademy.RESTAPITest">
        <test-method signature="deleteTwitter()[pri:0, instance:qaclickacademy.RESTAPITest@6dbb137d]" started-at="2020-04-08T20:21:16 CDT" name="deleteTwitter" finished-at="2020-04-08T20:21:16 CDT" duration-ms="2" status="PASS">
          <reporter-output>
          </reporter-output>
        </test-method> <!-- deleteTwitter -->
        <test-method signature="postJira()[pri:0, instance:qaclickacademy.RESTAPITest@6dbb137d]" started-at="2020-04-08T20:21:16 CDT" name="postJira" finished-at="2020-04-08T20:21:16 CDT" duration-ms="1" status="PASS">
          <reporter-output>
          </reporter-output>
        </test-method> <!-- postJira -->
      </class> <!-- qaclickacademy.RESTAPITest -->
      <class name="qaclickacademy.SeleniumTest">
        <test-method signature="browserAutomation()[pri:0, instance:qaclickacademy.SeleniumTest@318ba8c8]" started-at="2020-04-08T20:21:16 CDT" name="browserAutomation" finished-at="2020-04-08T20:21:16 CDT" duration-ms="10" status="PASS">
          <reporter-output>
          </reporter-output>
        </test-method> <!-- browserAutomation -->
        <test-method signature="elementsUI()[pri:0, instance:qaclickacademy.SeleniumTest@318ba8c8]" started-at="2020-04-08T20:21:16 CDT" name="elementsUI" finished-at="2020-04-08T20:21:16 CDT" duration-ms="2" status="PASS">
          <reporter-output>
          </reporter-output>
        </test-method> <!-- elementsUI -->
      </class> <!-- qaclickacademy.SeleniumTest -->
    </test> <!-- Test -->
  </suite> <!-- Suite -->
</testng-results>
